
RESULTS FOR NAIVE BAYES CLASSIFIER
----------------------------------

           TRAIN VALIDATION PARTITION
           Accuracy........: 0.788
           Precision Score.: 0.603
           Recall Score....: 0.648
           F1 Score........: 0.564
           ROC AUC.........: 0.741

           Confusion Matrix:
           +----------------------------+
           |         Prediction         |
           +----------------------------+
           |      0      |       1      |
       +---|----------------------------|
       | 0 |     3780    |       752    |
 Truth +   |----------------------------|
       | 1 |      528    |       973    |
       +---+----------------------------+

           TEST DATASET
           Accuracy........: 0.796
           Precision Score.: 0.591
           Recall Score....: 0.600
           F1 Score........: 0.582
           ROC AUC.........: 0.730

           Confusion Matrix:
           +----------------------------+
           |         Prediction         |
           +----------------------------+
           |      0      |       1      |
       +---|----------------------------|
       | 0 |     9767    |      1593    |
 Truth +   |----------------------------|
       | 1 |     1479    |      2221    |
       +---+----------------------------+

RESULTS FOR DECISION TREE CLASSIFIER
------------------------------------
Best tree depth = 9

           TRAIN VALIDATION PARTITION
           Accuracy........: 0.855
           Precision Score.: 0.676
           Recall Score....: 0.608
           F1 Score........: 0.760
           ROC AUC.........: 0.772

           Confusion Matrix:
           +----------------------------+
           |         Prediction         |
           +----------------------------+
           |      0      |       1      |
       +---|----------------------------|
       | 0 |     4244    |       288    |
 Truth +   |----------------------------|
       | 1 |      588    |       913    |
       +---+----------------------------+

           TEST DATASET
           Accuracy........: 0.841
           Precision Score.: 0.624
           Recall Score....: 0.535
           F1 Score........: 0.748
           ROC AUC.........: 0.738

           Confusion Matrix:
           +----------------------------+
           |         Prediction         |
           +----------------------------+
           |      0      |       1      |
       +---|----------------------------|
       | 0 |    10692    |       668    |
 Truth +   |----------------------------|
       | 1 |     1720    |      1980    |
       +---+----------------------------+

RESULTS FOR KNN CLASSIFIER
--------------------------
Best neighbors value = 13

           TRAIN VALIDATION PARTITION
           Accuracy........: 0.811
           Precision Score.: 0.612
           Recall Score....: 0.599
           F1 Score........: 0.625
           ROC AUC.........: 0.740

           Confusion Matrix:
           +----------------------------+
           |         Prediction         |
           +----------------------------+
           |      0      |       1      |
       +---|----------------------------|
       | 0 |     3993    |       539    |
 Truth +   |----------------------------|
       | 1 |      602    |       899    |
       +---+----------------------------+

           TEST DATASET
           Accuracy........: 0.788
           Precision Score.: 0.500
           Recall Score....: 0.432
           F1 Score........: 0.595
           ROC AUC.........: 0.668

           Confusion Matrix:
           +----------------------------+
           |         Prediction         |
           +----------------------------+
           |      0      |       1      |
       +---|----------------------------|
       | 0 |    10273    |      1087    |
 Truth +   |----------------------------|
       | 1 |     2103    |      1597    |
       +---+----------------------------+

RESULTS FOR LOGISTIC REGRESSION CLASSIFIER
------------------------------------------
Best penalty= l1
Best C value= 1.0

           TRAIN VALIDATION PARTITION
           Accuracy........: 0.848
           Precision Score.: 0.667
           Recall Score....: 0.614
           F1 Score........: 0.730
           ROC AUC.........: 0.770

           Confusion Matrix:
           +----------------------------+
           |         Prediction         |
           +----------------------------+
           |      0      |       1      |
       +---|----------------------------|
       | 0 |     4191    |       341    |
 Truth +   |----------------------------|
       | 1 |      579    |       922    |
       +---+----------------------------+

           TEST DATASET
           Accuracy........: 0.848
           Precision Score.: 0.661
           Recall Score....: 0.604
           F1 Score........: 0.731
           ROC AUC.........: 0.766

           Confusion Matrix:
           +----------------------------+
           |         Prediction         |
           +----------------------------+
           |      0      |       1      |
       +---|----------------------------|
       | 0 |    10536    |       824    |
 Truth +   |----------------------------|
       | 1 |     1465    |      2235    |
       +---+----------------------------+
